I[2021-03-22|14:47:05.832] starting ABCI with Tendermint                module=main 
E[2021-03-22|14:47:05.944] pprof server error                           module=node err="listen tcp 127.0.0.1:26556: bind: address already in use"
I[2021-03-22|14:47:05.946] Starting StateSync service                   module=statesync impl=StateSync
I[2021-03-22|14:47:06.997] Executed block                               module=state height=1 validTxs=0 invalidTxs=0
I[2021-03-22|14:47:07.000] Committed state                              module=state height=1 txs=0 appHash=0D6E12258709A0EA40D0EFEEB2FA9FD932F7528CF21A7DD7160FDF326D8F6E5A
I[2021-03-22|14:47:08.034] Executed block                               module=state height=2 validTxs=0 invalidTxs=0
I[2021-03-22|14:47:08.037] Committed state                              module=state height=2 txs=0 appHash=C0D9C30F2BC6B87C0A86F4D62171D232FA884DF7599ED7518552A03695EE7C0A
I[2021-03-22|14:47:09.080] Executed block                               module=state height=3 validTxs=0 invalidTxs=0
I[2021-03-22|14:47:09.084] Committed state                              module=state height=3 txs=0 appHash=DF85C397AE1201250827929694DF29D7C37A33695D90AD64F69AA02B753B3CB0
I[2021-03-22|14:47:10.123] Executed block                               module=state height=4 validTxs=0 invalidTxs=0
I[2021-03-22|14:47:10.131] Committed state                              module=state height=4 txs=0 appHash=1F6ADD5FCB9A8F31760F6D494A6C041F61058233CB43A650220C24FFC4927EE9
I[2021-03-22|14:47:11.169] Executed block                               module=state height=5 validTxs=0 invalidTxs=0
I[2021-03-22|14:47:11.173] Committed state                              module=state height=5 txs=0 appHash=CD7F3911E84EDAD128C8A6101D81B22563D4B75EE4E05FA79B57E8150CD9740C
I[2021-03-22|14:47:12.215] Executed block                               module=state height=6 validTxs=0 invalidTxs=0
I[2021-03-22|14:47:12.220] Committed state                              module=state height=6 txs=0 appHash=3103060637A50E4E0A08A56DE60BE818D0026440F8CFE79C6A6CA89B4C2E6107
I[2021-03-22|14:47:13.250] Executed block                               module=state height=7 validTxs=0 invalidTxs=0
I[2021-03-22|14:47:13.255] Committed state                              module=state height=7 txs=0 appHash=3332AF2C5541D0E1D55B377DCDF54B3907B579C8EE4C99F641E19009A938C648
I[2021-03-22|14:47:14.292] Executed block                               module=state height=8 validTxs=0 invalidTxs=0
I[2021-03-22|14:47:14.296] Committed state                              module=state height=8 txs=0 appHash=0F25A91B26AF9C5724C5C2D845D4CC0BAA07CA9C6D75E84C833A4C5C14AF639E
I[2021-03-22|14:47:15.315] Executed block                               module=state height=9 validTxs=0 invalidTxs=0
I[2021-03-22|14:47:15.318] Committed state                              module=state height=9 txs=0 appHash=2953F15DE05ECEDCEAB9B193EC7B40F1A34ADCD9AE144C8423A9D44311D64EE0
I[2021-03-22|14:47:16.341] Executed block                               module=state height=10 validTxs=0 invalidTxs=0
I[2021-03-22|14:47:16.349] Committed state                              module=state height=10 txs=0 appHash=C4E5988A9CFCDD03FAC14CAC4B7F2D3121C82CB8CB4E4CE532D3DF31159BBCAD
I[2021-03-22|14:47:17.371] Executed block                               module=state height=11 validTxs=0 invalidTxs=0
I[2021-03-22|14:47:17.375] Committed state                              module=state height=11 txs=0 appHash=D8F8D31801FC09D89081B214E8D585A6596A0C1FBAB17D8C4D46B79D3EB29414
I[2021-03-22|14:47:18.417] Executed block                               module=state height=12 validTxs=0 invalidTxs=0
I[2021-03-22|14:47:18.422] Committed state                              module=state height=12 txs=0 appHash=AC00A9EBA3206FDFDAF0722868781F46C18F751E5196F836B1BEE0D7CB775D82
I[2021-03-22|14:47:19.463] Executed block                               module=state height=13 validTxs=0 invalidTxs=0
I[2021-03-22|14:47:19.469] Committed state                              module=state height=13 txs=0 appHash=679A63866DF9E4E1863207FBB6D9E4E308D6F1E3E30EECA9C169EEFEDFBEE536
I[2021-03-22|14:47:20.488] Executed block                               module=state height=14 validTxs=0 invalidTxs=0
I[2021-03-22|14:47:20.499] Committed state                              module=state height=14 txs=0 appHash=A151248EEAB57E69D88FF104AE9C1C8820EEE20FBA9510CB10ED9D0556D2675F
I[2021-03-22|14:47:21.511] Executed block                               module=state height=15 validTxs=0 invalidTxs=0
I[2021-03-22|14:47:21.515] Committed state                              module=state height=15 txs=0 appHash=8C7E070A8A1E7885B8D6444BC3D7BB17F4BE1B821A9EC03AA2A5361665D35633
I[2021-03-22|14:47:22.552] Executed block                               module=state height=16 validTxs=0 invalidTxs=0
I[2021-03-22|14:47:22.555] Committed state                              module=state height=16 txs=0 appHash=2875230293B91CA67C0F92FA82A065655A89379C6D3C8C927C38F9BB96E9ED6E
I[2021-03-22|14:47:23.589] Executed block                               module=state height=17 validTxs=0 invalidTxs=0
I[2021-03-22|14:47:23.593] Committed state                              module=state height=17 txs=0 appHash=57CD208DB8ADB040216DB7F0B9AF4BD4326CE5519723133FB45619BBE43F296C
I[2021-03-22|14:47:24.639] Executed block                               module=state height=18 validTxs=0 invalidTxs=0
I[2021-03-22|14:47:24.644] Committed state                              module=state height=18 txs=0 appHash=73796B183326796A9547FBA4989E6C2CE3DD4178922D7B719EE5A485BEE6855D
I[2021-03-22|14:47:25.655] Executed block                               module=state height=19 validTxs=0 invalidTxs=0
I[2021-03-22|14:47:25.659] Committed state                              module=state height=19 txs=0 appHash=AE732404F33E139E05C9AEE18B5EC3EF6F3ED4FDF21A9EC9C5167633C692FC4F
I[2021-03-22|14:47:26.681] Executed block                               module=state height=20 validTxs=0 invalidTxs=0
I[2021-03-22|14:47:26.684] Committed state                              module=state height=20 txs=0 appHash=1B5D9B03B1E5271B0F6DC4976CDBD970FA601CFA5753FD5787F43B6D1A4A930B
I[2021-03-22|14:47:27.722] Executed block                               module=state height=21 validTxs=0 invalidTxs=0
I[2021-03-22|14:47:27.726] Committed state                              module=state height=21 txs=0 appHash=3CD544A065EA0E0589C7506B802F051CF96A1FE1652C053E73E4C079B57709AD
I[2021-03-22|14:47:28.751] Executed block                               module=state height=22 validTxs=0 invalidTxs=0
I[2021-03-22|14:47:28.756] Committed state                              module=state height=22 txs=0 appHash=82E275F04F5AB7D139EE1A27D85B9D09E57C0E2D91ADAEC9F44CFD02AB6AE7DA
I[2021-03-22|14:47:29.787] Executed block                               module=state height=23 validTxs=0 invalidTxs=0
I[2021-03-22|14:47:29.792] Committed state                              module=state height=23 txs=0 appHash=470E1BB9800C82BEB272038E3B8D6DDBE45DF0D53686FCE00457D9C382D32270
I[2021-03-22|14:47:30.820] Executed block                               module=state height=24 validTxs=0 invalidTxs=0
I[2021-03-22|14:47:30.825] Committed state                              module=state height=24 txs=0 appHash=FBDD5B1BAD482B2E7C2E4FBC4CD20D273982E41076611F89A17727095C695D21
I[2021-03-22|14:47:31.849] Executed block                               module=state height=25 validTxs=0 invalidTxs=0
I[2021-03-22|14:47:31.853] Committed state                              module=state height=25 txs=0 appHash=4172AC1145AD124301F779B55D5CCB33AFFE4BC878D5DD5FBF05637FA1B98F9A
I[2021-03-22|14:47:32.876] Executed block                               module=state height=26 validTxs=0 invalidTxs=0
I[2021-03-22|14:47:32.880] Committed state                              module=state height=26 txs=0 appHash=1E888F1648AD67258860E9DCEDB736454356F6F3821061B9CABE1C1E62BD9A38
I[2021-03-22|14:47:33.900] Executed block                               module=state height=27 validTxs=0 invalidTxs=0
I[2021-03-22|14:47:33.903] Committed state                              module=state height=27 txs=0 appHash=97903F3AD9193E0BC6004726A1F8591282BB281BA0DABCC9A6834D4FF4931A06
I[2021-03-22|14:47:34.943] Executed block                               module=state height=28 validTxs=0 invalidTxs=0
I[2021-03-22|14:47:34.947] Committed state                              module=state height=28 txs=0 appHash=484F5529BAA13C3DF0098F21BED469DB10CC582880FB4C4D1449155FBF56F091
I[2021-03-22|14:47:35.966] Executed block                               module=state height=29 validTxs=0 invalidTxs=0
I[2021-03-22|14:47:35.969] Committed state                              module=state height=29 txs=0 appHash=80A148C08E6134E67E7A2CD1C25E1E9F73EA80F2E11E190164C74DA2F5117934
I[2021-03-22|14:47:37.004] Executed block                               module=state height=30 validTxs=0 invalidTxs=0
I[2021-03-22|14:47:37.010] Committed state                              module=state height=30 txs=0 appHash=79993CF56395025B7473679795FB747CC988852648F9B9FE225C8B1322EE001A
I[2021-03-22|14:47:38.031] Executed block                               module=state height=31 validTxs=0 invalidTxs=0
I[2021-03-22|14:47:38.034] Committed state                              module=state height=31 txs=0 appHash=6CDC1B60AEFD44E2AF3822D03263CE58CAB02932A3AE09DA5739E3A199D3D497
I[2021-03-22|14:47:39.074] Executed block                               module=state height=32 validTxs=0 invalidTxs=0
I[2021-03-22|14:47:39.078] Committed state                              module=state height=32 txs=0 appHash=88D491E466B32594FD932CFB23D95A468F90B361588621DDE3E2306153984B60
I[2021-03-22|14:47:40.096] Executed block                               module=state height=33 validTxs=0 invalidTxs=0
I[2021-03-22|14:47:40.100] Committed state                              module=state height=33 txs=0 appHash=EBE4ECA47F2F0BFBE29D661C8D0876A94245E92B683E43CCA761032A68256841
I[2021-03-22|14:47:41.127] Executed block                               module=state height=34 validTxs=0 invalidTxs=0
I[2021-03-22|14:47:41.132] Committed state                              module=state height=34 txs=0 appHash=0C93DEC495B95AACFE212254B9ED1382AC118732D63123FD81ADC5FE2CEA2438
I[2021-03-22|14:47:42.154] Executed block                               module=state height=35 validTxs=0 invalidTxs=0
I[2021-03-22|14:47:42.158] Committed state                              module=state height=35 txs=0 appHash=287E8898AAE054AC291F26404AB801D5B458F8173F407266EA2025C5DB4DF1B1
I[2021-03-22|14:47:43.177] Executed block                               module=state height=36 validTxs=0 invalidTxs=0
I[2021-03-22|14:47:43.182] Committed state                              module=state height=36 txs=0 appHash=3348C9DF17736ADAAAF76C0591AC20246124AE78D435BC00D42B470DC0A1C8EE
I[2021-03-22|14:47:44.204] Executed block                               module=state height=37 validTxs=0 invalidTxs=0
I[2021-03-22|14:47:44.207] Committed state                              module=state height=37 txs=0 appHash=06BD5B8A4ED8C0C1D102B46C6A0A26614690C65B32F9213A98791770D7ECFD8D
I[2021-03-22|14:47:45.231] Executed block                               module=state height=38 validTxs=0 invalidTxs=0
I[2021-03-22|14:47:45.235] Committed state                              module=state height=38 txs=0 appHash=9B09A79100F009CC3B31BBB49627DF595A4A8B2A4F30F6898C3D066090DBBAB2
I[2021-03-22|14:47:46.255] Executed block                               module=state height=39 validTxs=0 invalidTxs=0
I[2021-03-22|14:47:46.259] Committed state                              module=state height=39 txs=0 appHash=FF29CE5DF091201613208EE1F08FE5010C763CD82C1D87C34800BEF9F614CA4B
I[2021-03-22|14:47:47.297] Executed block                               module=state height=40 validTxs=0 invalidTxs=0
I[2021-03-22|14:47:47.301] Committed state                              module=state height=40 txs=0 appHash=F0292B11DB9582C46921C5B493D6ADD27D68D0A2437AD2FC19D5D2339DEBEF1C
I[2021-03-22|14:47:48.324] Executed block                               module=state height=41 validTxs=0 invalidTxs=0
I[2021-03-22|14:47:48.327] Committed state                              module=state height=41 txs=0 appHash=3BA5D5EB8DDC0FF658C92AF4E142A95C836AE6A6F256888099217BD296C29DAF
I[2021-03-22|14:47:49.363] Executed block                               module=state height=42 validTxs=0 invalidTxs=0
I[2021-03-22|14:47:49.367] Committed state                              module=state height=42 txs=0 appHash=1398D8A1DAD0E4E477CBF71DFC9746804000523234D4B5E78FA6346A5A7BC530
I[2021-03-22|14:47:50.393] Executed block                               module=state height=43 validTxs=0 invalidTxs=0
I[2021-03-22|14:47:50.396] Committed state                              module=state height=43 txs=0 appHash=0CF83F73DDAE68D4215FE2E33A9695CF1D1AB4EE5E1163B9F2693A7F5671B472
I[2021-03-22|14:47:51.433] Executed block                               module=state height=44 validTxs=0 invalidTxs=0
I[2021-03-22|14:47:51.437] Committed state                              module=state height=44 txs=0 appHash=101794EF90D0F10D5313DFEEB5CD5348670521166986FB54FF087A72D7119D1D
I[2021-03-22|14:47:52.458] Executed block                               module=state height=45 validTxs=0 invalidTxs=0
I[2021-03-22|14:47:52.462] Committed state                              module=state height=45 txs=0 appHash=405A088C736FB93A8A1FDDC214108F9859D6DAD56ADB9176E08818663E720987
I[2021-03-22|14:47:53.507] Executed block                               module=state height=46 validTxs=0 invalidTxs=0
I[2021-03-22|14:47:53.514] Committed state                              module=state height=46 txs=0 appHash=93D382578EF3EA0F3ECE51F8EAA1583ED1A94746E25A3FFEA1B390787490866F
I[2021-03-22|14:47:54.531] Executed block                               module=state height=47 validTxs=0 invalidTxs=0
I[2021-03-22|14:47:54.534] Committed state                              module=state height=47 txs=0 appHash=20E9ED4CA5F4556A2E811A3C6F7F0AE67CC3E825137BDB20B963054A161ABAB7
I[2021-03-22|14:47:55.552] Executed block                               module=state height=48 validTxs=0 invalidTxs=0
I[2021-03-22|14:47:55.556] Committed state                              module=state height=48 txs=0 appHash=6C04BA0097407EE976E58BA197CB287E54D5C89CD32E4C7AC407AB50FCD89D96
I[2021-03-22|14:47:56.594] Executed block                               module=state height=49 validTxs=0 invalidTxs=0
I[2021-03-22|14:47:56.599] Committed state                              module=state height=49 txs=0 appHash=32D5A793F63CDAF48A89355412A21CA29D612EFD35B95B741730D8F15F5144C6
I[2021-03-22|14:47:57.633] Executed block                               module=state height=50 validTxs=0 invalidTxs=0
I[2021-03-22|14:47:57.638] Committed state                              module=state height=50 txs=0 appHash=1F60473B8F3404729F2FC91C5E5DBBDF8E57A04FE1BA9EAA8714601B67011450
I[2021-03-22|14:47:58.659] Executed block                               module=state height=51 validTxs=0 invalidTxs=0
I[2021-03-22|14:47:58.663] Committed state                              module=state height=51 txs=0 appHash=CDD4235989A1569D6E99A979B1BE965FB5BB15824B9CC37D3F899EB97EC90AD7
I[2021-03-22|14:47:59.686] Executed block                               module=state height=52 validTxs=0 invalidTxs=0
I[2021-03-22|14:47:59.689] Committed state                              module=state height=52 txs=0 appHash=E1EC67DFD43C81BD1BF564BB52E301DD9469C35F82B8D0F504BC0FF6DDA83053
I[2021-03-22|14:48:00.711] Executed block                               module=state height=53 validTxs=0 invalidTxs=0
I[2021-03-22|14:48:00.715] Committed state                              module=state height=53 txs=0 appHash=6EE7203A8ECBE4F24D003E33A51F327FAFA5B84A2D4899B2B09EBC24EA7E4DDB
I[2021-03-22|14:48:01.740] Executed block                               module=state height=54 validTxs=0 invalidTxs=0
I[2021-03-22|14:48:01.743] Committed state                              module=state height=54 txs=0 appHash=AF0CEEDD8B205EBE63C1EE5E4E0ECF22E9DE181F51F25C7EC9A07DACFC55D1FB
I[2021-03-22|14:48:02.803] Executed block                               module=state height=55 validTxs=0 invalidTxs=0
I[2021-03-22|14:48:02.806] Committed state                              module=state height=55 txs=0 appHash=5C21D8F304C3EDDA71CBF9A2CDE9664DF8E7939B2D7C14924EDAEF93F7EBEC69
I[2021-03-22|14:48:03.828] Executed block                               module=state height=56 validTxs=0 invalidTxs=0
I[2021-03-22|14:48:03.833] Committed state                              module=state height=56 txs=0 appHash=724455B6853AE1AFAE417B23BD2E21E14C556640066A588887D458516E06E6D5
I[2021-03-22|14:48:04.874] Executed block                               module=state height=57 validTxs=0 invalidTxs=0
I[2021-03-22|14:48:04.879] Committed state                              module=state height=57 txs=0 appHash=7802398726181819C91713DF489E76F469CADA3C775E30F36A171875D4652B44
I[2021-03-22|14:48:05.916] Executed block                               module=state height=58 validTxs=0 invalidTxs=0
I[2021-03-22|14:48:05.921] Committed state                              module=state height=58 txs=0 appHash=FA63BAF5D57ADAAC43A0542617C40F117EF1887425C23478AA689C8EB39F5C9E
I[2021-03-22|14:48:06.966] Executed block                               module=state height=59 validTxs=0 invalidTxs=0
I[2021-03-22|14:48:06.972] Committed state                              module=state height=59 txs=0 appHash=A78946F3B2C099AD45251C35468A18146CBABE9ACFF23465DEEA76A02B5961D3
I[2021-03-22|14:48:07.992] Executed block                               module=state height=60 validTxs=0 invalidTxs=0
I[2021-03-22|14:48:07.996] Committed state                              module=state height=60 txs=0 appHash=9B376FD3706BCBA7CA5185BE7567A7D8DCF7981921F9A3F5498EF9E15ED009D6
I[2021-03-22|14:48:09.037] Executed block                               module=state height=61 validTxs=0 invalidTxs=0
I[2021-03-22|14:48:09.040] Committed state                              module=state height=61 txs=0 appHash=61AECAB0EC172ACCB65E23B7C0029A9AD0706DAF5E35BBC1A085360D3546F961
I[2021-03-22|14:48:10.062] Executed block                               module=state height=62 validTxs=0 invalidTxs=0
I[2021-03-22|14:48:10.066] Committed state                              module=state height=62 txs=0 appHash=89959F9DEE909985D9A57AF4DE4C7E7FC7C53565AFCB976A8097A7B73C894D99
I[2021-03-22|14:48:11.106] Executed block                               module=state height=63 validTxs=0 invalidTxs=0
I[2021-03-22|14:48:11.109] Committed state                              module=state height=63 txs=0 appHash=AFE9A54C1819D9738E5FD237052F7E341E065F19E4E9D622BFB7394CC1F81F92
I[2021-03-22|14:48:12.128] Executed block                               module=state height=64 validTxs=0 invalidTxs=0
I[2021-03-22|14:48:12.131] Committed state                              module=state height=64 txs=0 appHash=7C6BADE612D90C3A69825BB24C29F927CF8CA592E63BCC4F0228E0435CA8FD19
I[2021-03-22|14:48:13.155] Executed block                               module=state height=65 validTxs=0 invalidTxs=0
I[2021-03-22|14:48:13.158] Committed state                              module=state height=65 txs=0 appHash=D8198D94E33DAE285E7561C79B8484B64C756A788C2F11B9E9619573207D5FA2
I[2021-03-22|14:48:14.181] Executed block                               module=state height=66 validTxs=0 invalidTxs=0
I[2021-03-22|14:48:14.185] Committed state                              module=state height=66 txs=0 appHash=020D8DD305F804A768EE4EB8E20FD2AC371EB4D7AD8EDE58C6BE01CD2C9CD5AE
I[2021-03-22|14:48:15.230] Executed block                               module=state height=67 validTxs=0 invalidTxs=0
I[2021-03-22|14:48:15.241] Committed state                              module=state height=67 txs=0 appHash=C920EF36CDA4377A9709127B20C0D96871B9B591C4CE7774509AF03FE246FE4D
I[2021-03-22|14:48:16.236] Executed block                               module=state height=68 validTxs=0 invalidTxs=0
I[2021-03-22|14:48:16.240] Committed state                              module=state height=68 txs=0 appHash=40128E12AA324DB3379F1E0BFBA41207FD162CEC97BE98AEE94F29DA278B5EF7
I[2021-03-22|14:48:17.262] Executed block                               module=state height=69 validTxs=0 invalidTxs=0
I[2021-03-22|14:48:17.267] Committed state                              module=state height=69 txs=0 appHash=C3C9F2C867A18878BF42F2FF6E377C556F7146E1858BBBD1BF4D6A523B983A1C
I[2021-03-22|14:48:18.288] Executed block                               module=state height=70 validTxs=0 invalidTxs=0
I[2021-03-22|14:48:18.291] Committed state                              module=state height=70 txs=0 appHash=D733C980033EDB76BACE2DAD243356C621F0671AAE7647D8EBF46C478F873F9C
I[2021-03-22|14:48:19.330] Executed block                               module=state height=71 validTxs=0 invalidTxs=0
I[2021-03-22|14:48:19.333] Committed state                              module=state height=71 txs=0 appHash=C771B75D5F71B31D339A798A3F74690B3C09CF504A5DCF39840C669ECB11BADC
I[2021-03-22|14:48:20.359] Executed block                               module=state height=72 validTxs=0 invalidTxs=0
I[2021-03-22|14:48:20.362] Committed state                              module=state height=72 txs=0 appHash=49303C41118FED9B5086E88A18CEBE72A3BED6269F9703A27E9B33B797CCF24D
I[2021-03-22|14:48:21.380] Executed block                               module=state height=73 validTxs=0 invalidTxs=0
I[2021-03-22|14:48:21.384] Committed state                              module=state height=73 txs=0 appHash=4CA1629915D35886532D95522FAB8B6AE11C25EFD48F4068B3C48ED23D6D1231
I[2021-03-22|14:48:22.407] Executed block                               module=state height=74 validTxs=0 invalidTxs=0
I[2021-03-22|14:48:22.411] Committed state                              module=state height=74 txs=0 appHash=441011F71148FCD575C4E781B2C6E5F11DD0AB8C3D47200F6C49B21DF711FEE2
I[2021-03-22|14:48:23.431] Executed block                               module=state height=75 validTxs=0 invalidTxs=0
I[2021-03-22|14:48:23.435] Committed state                              module=state height=75 txs=0 appHash=DC3625D8BA493D87E1943A3E018A1C9773AD5580EF5A4DB303FC8C0FD1CE485E
I[2021-03-22|14:48:24.458] Executed block                               module=state height=76 validTxs=0 invalidTxs=0
I[2021-03-22|14:48:24.461] Committed state                              module=state height=76 txs=0 appHash=FA01EC6F1D967A37ECEB3DF70ED4FC79D550E8323590A13997B49EB9DB09B198
I[2021-03-22|14:48:25.505] Executed block                               module=state height=77 validTxs=0 invalidTxs=0
I[2021-03-22|14:48:25.509] Committed state                              module=state height=77 txs=0 appHash=E1687E28372B17C899183F43B914FBB6556EC05AAD75985543F72A49306ED142
I[2021-03-22|14:48:26.532] Executed block                               module=state height=78 validTxs=0 invalidTxs=0
I[2021-03-22|14:48:26.536] Committed state                              module=state height=78 txs=0 appHash=ACC70F5B3C86728ED9BD1D9331F2334730A5CFF29F5070CB2FE7CFE6F6CFC822
I[2021-03-22|14:48:27.575] Executed block                               module=state height=79 validTxs=0 invalidTxs=0
I[2021-03-22|14:48:27.579] Committed state                              module=state height=79 txs=0 appHash=ED0712B858B975B40AFBDB3D5B517D86B5A28EFEEF14CB3B113FF97791688D01
I[2021-03-22|14:48:28.605] Executed block                               module=state height=80 validTxs=0 invalidTxs=0
I[2021-03-22|14:48:28.610] Committed state                              module=state height=80 txs=0 appHash=AA61874315FC31B54AA7CC2B90502BA3CE99E3BAF9E0BD0A313CCA2B7E4B9CEA
I[2021-03-22|14:48:29.630] Executed block                               module=state height=81 validTxs=0 invalidTxs=0
I[2021-03-22|14:48:29.634] Committed state                              module=state height=81 txs=0 appHash=3C731D50AE5AFE8F236DC9EBD4BC25D13E003F3589E8014127D26064B9090ED2
I[2021-03-22|14:48:30.673] Executed block                               module=state height=82 validTxs=0 invalidTxs=0
I[2021-03-22|14:48:30.677] Committed state                              module=state height=82 txs=0 appHash=43357B5A92B97262A89E06BC5F7EF30E02E410B1DB6749CF8828D4E38EDADF6A
I[2021-03-22|14:48:31.715] Executed block                               module=state height=83 validTxs=0 invalidTxs=0
I[2021-03-22|14:48:31.718] Committed state                              module=state height=83 txs=0 appHash=3A9BD46E2D7A0171C84D3343009F26759FB2BAA78409426BED57A5D096DEFA45
I[2021-03-22|14:48:32.756] Executed block                               module=state height=84 validTxs=0 invalidTxs=0
I[2021-03-22|14:48:32.759] Committed state                              module=state height=84 txs=0 appHash=3F5BE34968B9E5964505D9F4C5D9933EF4261015807358E8B5E160DCD8A78137
I[2021-03-22|14:48:33.783] Executed block                               module=state height=85 validTxs=0 invalidTxs=0
I[2021-03-22|14:48:33.787] Committed state                              module=state height=85 txs=0 appHash=3552F4AF622834AB8759A5C49FB4EFDE53333B6583E038FD1211BA31B3C1239B
I[2021-03-22|14:48:34.820] Executed block                               module=state height=86 validTxs=0 invalidTxs=0
I[2021-03-22|14:48:34.823] Committed state                              module=state height=86 txs=0 appHash=5EFA8B6AD398D3F2933A6095031BCC53DEC6C5B214F4B971C297EA7685D917AD
I[2021-03-22|14:48:35.862] Executed block                               module=state height=87 validTxs=0 invalidTxs=0
I[2021-03-22|14:48:35.866] Committed state                              module=state height=87 txs=0 appHash=76925B839B44A66DF6F438BDAD907F81BB15B4618561EC4EBC539179E4B732D7
I[2021-03-22|14:48:36.899] Executed block                               module=state height=88 validTxs=0 invalidTxs=0
I[2021-03-22|14:48:36.902] Committed state                              module=state height=88 txs=0 appHash=A6D3A4946C2394E670B1F53BB82974BA654F25D3883FEB216CACF2BCB5117E55
I[2021-03-22|14:48:37.925] Executed block                               module=state height=89 validTxs=0 invalidTxs=0
I[2021-03-22|14:48:37.929] Committed state                              module=state height=89 txs=0 appHash=C7B2A5DECB7DD11EF3D2A931D2E52EBC8F3F0BF4A85CC8C8CD0043EEB4AA5191
I[2021-03-22|14:48:38.967] Executed block                               module=state height=90 validTxs=0 invalidTxs=0
I[2021-03-22|14:48:38.971] Committed state                              module=state height=90 txs=0 appHash=2535E09DC42A53858AE0A60FD667DA97C016BD568AC82F820020A1E7CEAED3E5
I[2021-03-22|14:48:39.993] Executed block                               module=state height=91 validTxs=0 invalidTxs=0
I[2021-03-22|14:48:39.997] Committed state                              module=state height=91 txs=0 appHash=BDEB4AA1EF069B921C535D384095544933350854BAE5C6055575B2789794ABEB
I[2021-03-22|14:48:41.034] Executed block                               module=state height=92 validTxs=0 invalidTxs=0
I[2021-03-22|14:48:41.038] Committed state                              module=state height=92 txs=0 appHash=79AAA674D1B34DC9B63FDFC5C5F8EBD07A69C1E40638BE5560F3E8FEA425E43A
I[2021-03-22|14:48:42.060] Executed block                               module=state height=93 validTxs=0 invalidTxs=0
I[2021-03-22|14:48:42.064] Committed state                              module=state height=93 txs=0 appHash=EA4C911B5772EB2A9A7F381144EA41FEF8B55F57F239D09E2CEE4553045DF93E
I[2021-03-22|14:48:43.102] Executed block                               module=state height=94 validTxs=0 invalidTxs=0
I[2021-03-22|14:48:43.106] Committed state                              module=state height=94 txs=0 appHash=A23C602580F09B91F88424909072558F1EAAF62CAA6B5C3E2EC8997560B19116
I[2021-03-22|14:48:44.126] Executed block                               module=state height=95 validTxs=0 invalidTxs=0
I[2021-03-22|14:48:44.130] Committed state                              module=state height=95 txs=0 appHash=93A661CB3A9C041B28340697E03E5607418ED1A630EE4AD5995EB22320D5A1CF
I[2021-03-22|14:48:45.148] Executed block                               module=state height=96 validTxs=0 invalidTxs=0
I[2021-03-22|14:48:45.151] Committed state                              module=state height=96 txs=0 appHash=2B640AFB4ED4AE93EAE9B33C0FA30939F029E41F5FF7BA850D65C40850417B16
I[2021-03-22|14:48:46.175] Executed block                               module=state height=97 validTxs=0 invalidTxs=0
I[2021-03-22|14:48:46.179] Committed state                              module=state height=97 txs=0 appHash=A745B3539E46CEA89DFB948B83CE48E88F2CA6586AE01C74399646069E1B9C0B
I[2021-03-22|14:48:47.230] Executed block                               module=state height=98 validTxs=0 invalidTxs=0
I[2021-03-22|14:48:47.234] Committed state                              module=state height=98 txs=0 appHash=5311EEFABBDE20154D28EE8CA406861EC0869AE9732EC8EBB078087ED8CD937A
I[2021-03-22|14:48:48.255] Executed block                               module=state height=99 validTxs=0 invalidTxs=0
I[2021-03-22|14:48:48.259] Committed state                              module=state height=99 txs=0 appHash=0D116E60AAFC36AC4D90013774D310858BB18E131283F663DA336A85AE3338CA
I[2021-03-22|14:48:49.287] Executed block                               module=state height=100 validTxs=0 invalidTxs=0
I[2021-03-22|14:48:49.294] Committed state                              module=state height=100 txs=0 appHash=905933B356164852E1C4E2FD533069D16F711DB941145E5868C4948740EE1C5A
I[2021-03-22|14:48:50.310] Executed block                               module=state height=101 validTxs=0 invalidTxs=0
I[2021-03-22|14:48:50.314] Committed state                              module=state height=101 txs=0 appHash=1B073462069E2C5E948080AAC9D7E4A76BE8FC0B234217A3EE00F0AFFBD5C693
I[2021-03-22|14:48:51.332] Executed block                               module=state height=102 validTxs=0 invalidTxs=0
I[2021-03-22|14:48:51.336] Committed state                              module=state height=102 txs=0 appHash=6EFC4D9C39F306439FB99601660DCDE876946160BF15EAFCAD4B3FF75E9970B6
I[2021-03-22|14:48:52.355] Executed block                               module=state height=103 validTxs=0 invalidTxs=0
I[2021-03-22|14:48:52.358] Committed state                              module=state height=103 txs=0 appHash=B35F22D29F440FF6C9209DA6BAEAC9B7F8A656BF8AA98C4B4B64507E45E4774B
I[2021-03-22|14:48:53.394] Executed block                               module=state height=104 validTxs=0 invalidTxs=0
I[2021-03-22|14:48:53.398] Committed state                              module=state height=104 txs=0 appHash=A13CDD487619F073E68695FCEE1C468E2F5FCC96137AE1E6575018B6EB9C2480
I[2021-03-22|14:48:54.419] Executed block                               module=state height=105 validTxs=0 invalidTxs=0
I[2021-03-22|14:48:54.423] Committed state                              module=state height=105 txs=0 appHash=EAA4BD22D99A2AC9FF689E89878EF00FADAACDA946A30D73B2E6B8297C6E2F54
I[2021-03-22|14:48:55.457] Executed block                               module=state height=106 validTxs=0 invalidTxs=0
I[2021-03-22|14:48:55.460] Committed state                              module=state height=106 txs=0 appHash=A1F2E5C8E1CCC20DADC239A7332D20CD58CF909C06106DF840001D4FEA2F3A1C
I[2021-03-22|14:48:56.483] Executed block                               module=state height=107 validTxs=0 invalidTxs=0
I[2021-03-22|14:48:56.486] Committed state                              module=state height=107 txs=0 appHash=BF7FCC668A5542F5643765D89F4E590E9BBC6DD88687588DA7D36FFC48F6ED99
I[2021-03-22|14:48:57.522] Executed block                               module=state height=108 validTxs=0 invalidTxs=0
I[2021-03-22|14:48:57.526] Committed state                              module=state height=108 txs=0 appHash=34FD1256B0A9798201F0696F133A62D31E89144221417D8ADFDB32011A79B0AA
I[2021-03-22|14:48:58.546] Executed block                               module=state height=109 validTxs=0 invalidTxs=0
I[2021-03-22|14:48:58.550] Committed state                              module=state height=109 txs=0 appHash=65AEE1BABBAB7FBE11EAEC88F144D620689DEC28C481DD8B7F5F54EDDD0CAA85
I[2021-03-22|14:48:59.598] Executed block                               module=state height=110 validTxs=0 invalidTxs=0
I[2021-03-22|14:48:59.602] Committed state                              module=state height=110 txs=0 appHash=9852D2EC7AAFD4EADC6E6579C73268B9C6EA581E2879EF3190D2887F42B99B89
I[2021-03-22|14:49:00.624] Executed block                               module=state height=111 validTxs=0 invalidTxs=0
I[2021-03-22|14:49:00.627] Committed state                              module=state height=111 txs=0 appHash=DFF91B0D4439D3AB736D9125D5AED9AE39439D2ECDD4EA88B36E3E988C2E71A7
I[2021-03-22|14:49:01.650] Executed block                               module=state height=112 validTxs=0 invalidTxs=0
I[2021-03-22|14:49:01.654] Committed state                              module=state height=112 txs=0 appHash=BCF9664D83921502F9920454F12D8FEB5F6AF5606DF4D4087423CFDBC1E00EB6
I[2021-03-22|14:49:02.674] Executed block                               module=state height=113 validTxs=0 invalidTxs=0
I[2021-03-22|14:49:02.677] Committed state                              module=state height=113 txs=0 appHash=C2624E313DCBAFF1861E687D36BFDBE6694D1772E07A2B5255A7F3748C2A35ED
I[2021-03-22|14:49:03.699] Executed block                               module=state height=114 validTxs=0 invalidTxs=0
I[2021-03-22|14:49:03.703] Committed state                              module=state height=114 txs=0 appHash=1FAFBA510B0D8E6A4CFFE1F6FD480DC19D7768A12E61180C052369AE75B4D1E7
I[2021-03-22|14:49:04.740] Executed block                               module=state height=115 validTxs=0 invalidTxs=0
I[2021-03-22|14:49:04.743] Committed state                              module=state height=115 txs=0 appHash=F6EB872B13E3BB5CFCC93EE53A06E2D56E8294F8074D13166C3E03D152212C40
I[2021-03-22|14:49:05.779] Executed block                               module=state height=116 validTxs=0 invalidTxs=0
I[2021-03-22|14:49:05.782] Committed state                              module=state height=116 txs=0 appHash=3858BCA4B4DC95A96CB5B6FE371194F7ADE74294368F468735A7F93599D62F9A
I[2021-03-22|14:49:06.804] Executed block                               module=state height=117 validTxs=0 invalidTxs=0
I[2021-03-22|14:49:06.808] Committed state                              module=state height=117 txs=0 appHash=36B2ECC673982CFFC9685366E848BB9427E8175A333EC066ED47F6CAF41F2F01
I[2021-03-22|14:49:07.832] Executed block                               module=state height=118 validTxs=0 invalidTxs=0
I[2021-03-22|14:49:07.836] Committed state                              module=state height=118 txs=0 appHash=AB95CA1920440019F89D2C0B5966BDCB86340F593303E27ABEAB58C718F2F70B
I[2021-03-22|14:49:08.858] Executed block                               module=state height=119 validTxs=0 invalidTxs=0
I[2021-03-22|14:49:08.862] Committed state                              module=state height=119 txs=0 appHash=51DDC9EE11493D566EB8442D90E04A6E070EEA021D0C71726C08439D8F20A613
I[2021-03-22|14:49:09.897] Executed block                               module=state height=120 validTxs=0 invalidTxs=0
I[2021-03-22|14:49:09.902] Committed state                              module=state height=120 txs=0 appHash=B88065F5515CE029256E094185010B76967846732A8211A8D881BBC8A1124C2D
I[2021-03-22|14:49:10.948] Executed block                               module=state height=121 validTxs=0 invalidTxs=0
I[2021-03-22|14:49:10.954] Committed state                              module=state height=121 txs=0 appHash=9857E076CC375F56429AFC16194111B7C1FCD9E9237D9DA6E6578749468C39A2
I[2021-03-22|14:49:11.961] Executed block                               module=state height=122 validTxs=0 invalidTxs=0
I[2021-03-22|14:49:11.964] Committed state                              module=state height=122 txs=0 appHash=696203D2E5B1F306CFC2916422D4DF7E342293781A74C452EED46D8D54ADE384
I[2021-03-22|14:49:12.998] Executed block                               module=state height=123 validTxs=0 invalidTxs=0
I[2021-03-22|14:49:13.001] Committed state                              module=state height=123 txs=0 appHash=780370784D89AA086684ED5BD20D5843249808D070CD768134545ACE4F50D84D
I[2021-03-22|14:49:14.020] Executed block                               module=state height=124 validTxs=0 invalidTxs=0
I[2021-03-22|14:49:14.023] Committed state                              module=state height=124 txs=0 appHash=2A3319664A8850E764A54E3AB409A600289D209E18D63573D9698B35BED88C87
I[2021-03-22|14:49:15.044] Executed block                               module=state height=125 validTxs=0 invalidTxs=0
I[2021-03-22|14:49:15.049] Committed state                              module=state height=125 txs=0 appHash=B80ADD608A1D818F08BA5E0CC2DBD961EE6A05E0B8E3EC77E43DCE6629912DD0
I[2021-03-22|14:49:16.068] Executed block                               module=state height=126 validTxs=0 invalidTxs=0
I[2021-03-22|14:49:16.071] Committed state                              module=state height=126 txs=0 appHash=C4580D2633F1EC1F44662C58FFC2926E5B7EA8D779396837305822501B932532
I[2021-03-22|14:49:17.092] Executed block                               module=state height=127 validTxs=0 invalidTxs=0
I[2021-03-22|14:49:17.095] Committed state                              module=state height=127 txs=0 appHash=DD83198353CD675EF3B7422E6FAD54700ED0777FD799C1D141E1CB42E33FBA27
I[2021-03-22|14:49:18.116] Executed block                               module=state height=128 validTxs=0 invalidTxs=0
I[2021-03-22|14:49:18.119] Committed state                              module=state height=128 txs=0 appHash=D985A5EA306CC0F4BFFD598D2285E729188BB94847EDFE5D7BC802DB1BE4B9DB
I[2021-03-22|14:49:19.142] Executed block                               module=state height=129 validTxs=0 invalidTxs=0
I[2021-03-22|14:49:19.145] Committed state                              module=state height=129 txs=0 appHash=17CF08B60FF360F4768E8ACEEB68B7CABF08169F21FB80CE3274FA24DCF0C2F6
I[2021-03-22|14:49:20.166] Executed block                               module=state height=130 validTxs=0 invalidTxs=0
I[2021-03-22|14:49:20.170] Committed state                              module=state height=130 txs=0 appHash=35D5D8FB80C567CA324C3EF5B5AD10F3C4F6B3F9398180AED5703EEE59DD1F43
I[2021-03-22|14:49:21.205] Executed block                               module=state height=131 validTxs=0 invalidTxs=0
I[2021-03-22|14:49:21.209] Committed state                              module=state height=131 txs=0 appHash=3DE9896A4E85210C7F94CF7C589371C64CB147F22477E7E0D983826B28604C15
I[2021-03-22|14:49:22.230] Executed block                               module=state height=132 validTxs=0 invalidTxs=0
I[2021-03-22|14:49:22.234] Committed state                              module=state height=132 txs=0 appHash=A5AA6DE74D76FB94B58CC32CB754DD643DA3BEFE8FB22E85057E2C16812F564A
I[2021-03-22|14:49:23.268] Executed block                               module=state height=133 validTxs=0 invalidTxs=0
I[2021-03-22|14:49:23.272] Committed state                              module=state height=133 txs=0 appHash=0AC6A41E87928BE214B818541F2B0F4A55D77A1D24FC65E112E114CE5BE4E19B
I[2021-03-22|14:49:24.296] Executed block                               module=state height=134 validTxs=0 invalidTxs=0
I[2021-03-22|14:49:24.300] Committed state                              module=state height=134 txs=0 appHash=52CA8DC785F657359EFD65A7CA1230507185BD5190225976DAC0265A3ACB382F
I[2021-03-22|14:49:25.338] Executed block                               module=state height=135 validTxs=0 invalidTxs=0
I[2021-03-22|14:49:25.342] Committed state                              module=state height=135 txs=0 appHash=FDE3B4D6E8FDE40265A72D6A90813D678F85E9EE94E593512F80101C207FEB82
I[2021-03-22|14:49:26.362] Executed block                               module=state height=136 validTxs=0 invalidTxs=0
I[2021-03-22|14:49:26.366] Committed state                              module=state height=136 txs=0 appHash=1F3050D81BA3441BCD399B9D041BF6C75680B1381A1B02003847931447760654
I[2021-03-22|14:49:27.397] Executed block                               module=state height=137 validTxs=0 invalidTxs=0
I[2021-03-22|14:49:27.401] Committed state                              module=state height=137 txs=0 appHash=5EFF46C1F574AD0F72C845963C5EFCF04F2EC4655E368F90225EB0B12D8C5461
I[2021-03-22|14:49:28.422] Executed block                               module=state height=138 validTxs=0 invalidTxs=0
I[2021-03-22|14:49:28.426] Committed state                              module=state height=138 txs=0 appHash=31D92994931B58E0C6C4E6F1A47AA96931FC00376EFAEFC60A91A8E3EFE69B46
I[2021-03-22|14:49:29.448] Executed block                               module=state height=139 validTxs=0 invalidTxs=0
I[2021-03-22|14:49:29.452] Committed state                              module=state height=139 txs=0 appHash=A7FCE30D961FD2897B57650F248B868F33230FDD65E895464455129E341B0DE5
I[2021-03-22|14:49:30.485] Executed block                               module=state height=140 validTxs=0 invalidTxs=0
I[2021-03-22|14:49:30.489] Committed state                              module=state height=140 txs=0 appHash=C2D4114955D04EAA020916CE586197858E3E164DF54CA76D372E9F378813E7C9
I[2021-03-22|14:49:31.521] Executed block                               module=state height=141 validTxs=0 invalidTxs=0
I[2021-03-22|14:49:31.525] Committed state                              module=state height=141 txs=0 appHash=1DCB8F6EB5B7092CBD1FA6105A283D8424690FE2E6D6662B6953C04948267D70
I[2021-03-22|14:49:32.548] Executed block                               module=state height=142 validTxs=0 invalidTxs=0
I[2021-03-22|14:49:32.551] Committed state                              module=state height=142 txs=0 appHash=4BAF653FD81C2DB461D308178A755C474585739825B1BC2DDFD38551CBD6357D
I[2021-03-22|14:49:33.587] Executed block                               module=state height=143 validTxs=0 invalidTxs=0
I[2021-03-22|14:49:33.592] Committed state                              module=state height=143 txs=0 appHash=2D72EDBBFB2BF92447700C5A7AAFCD2B8B3E8E9ECF42A1E00190FEA888F8B458
I[2021-03-22|14:49:34.628] Executed block                               module=state height=144 validTxs=0 invalidTxs=0
I[2021-03-22|14:49:34.631] Committed state                              module=state height=144 txs=0 appHash=21AA5145FDCB773C4A1646A4564B3BB5A02A80C37B064FC4020961D77A6B4199
I[2021-03-22|14:49:35.669] Executed block                               module=state height=145 validTxs=0 invalidTxs=0
I[2021-03-22|14:49:35.672] Committed state                              module=state height=145 txs=0 appHash=AB4A41DBEAD679FFA3A9B5150118CB01AF5E480E62787BACBC5B49B3EEA61826
I[2021-03-22|14:49:36.694] Executed block                               module=state height=146 validTxs=0 invalidTxs=0
I[2021-03-22|14:49:36.698] Committed state                              module=state height=146 txs=0 appHash=2FE8DC2FBF66DF953A9E3703C2CB789A06F3D77C8A4C0587692264972484D2EE
I[2021-03-22|14:49:37.733] Executed block                               module=state height=147 validTxs=0 invalidTxs=0
I[2021-03-22|14:49:37.736] Committed state                              module=state height=147 txs=0 appHash=F8F1C0E468B57B5787E25DB8FFC5B482A0104CB8F5F6DF50700016B5F71C28B3
I[2021-03-22|14:49:38.776] Executed block                               module=state height=148 validTxs=0 invalidTxs=0
I[2021-03-22|14:49:38.779] Committed state                              module=state height=148 txs=0 appHash=91D49CA56DCFEF5CE6F8B4392D48C62CF28013DC064BD53E9E26C7448808E378
I[2021-03-22|14:49:39.850] Executed block                               module=state height=149 validTxs=0 invalidTxs=0
I[2021-03-22|14:49:39.853] Committed state                              module=state height=149 txs=0 appHash=7C9F187CF8773562A7FFDCD02FCBD5569AB3C31AE6D2F1E8C09E747AC936AF3B
I[2021-03-22|14:49:40.886] Executed block                               module=state height=150 validTxs=0 invalidTxs=0
I[2021-03-22|14:49:40.891] Committed state                              module=state height=150 txs=0 appHash=16F41FD0A9499DD79E498F64D3FDAC6D1A248AEF64BB8AEB8B46760176AD6B06
I[2021-03-22|14:49:41.914] Executed block                               module=state height=151 validTxs=0 invalidTxs=0
I[2021-03-22|14:49:41.919] Committed state                              module=state height=151 txs=0 appHash=8067F8406971045EFBC8390D0B00E8242B58DB5E2B260860E4CA556EE62F37C1
I[2021-03-22|14:49:42.961] Executed block                               module=state height=152 validTxs=0 invalidTxs=0
I[2021-03-22|14:49:42.966] Committed state                              module=state height=152 txs=0 appHash=6D8260CD575B70B9179CEA91A28B341805E4F9F92131A1390657FE581D694924
I[2021-03-22|14:49:43.994] Executed block                               module=state height=153 validTxs=0 invalidTxs=0
I[2021-03-22|14:49:44.000] Committed state                              module=state height=153 txs=0 appHash=4878499267BFF44921686061018BFA6B17FF2D42113A447859661C986DAF25F6
I[2021-03-22|14:49:45.019] Executed block                               module=state height=154 validTxs=0 invalidTxs=0
I[2021-03-22|14:49:45.023] Committed state                              module=state height=154 txs=0 appHash=F38169800246CE70E136DE21475788A9A7655B63DFEE1E0B13C3F2D4196AFDAE
I[2021-03-22|14:49:46.042] Executed block                               module=state height=155 validTxs=0 invalidTxs=0
I[2021-03-22|14:49:46.047] Committed state                              module=state height=155 txs=0 appHash=3993F059ABAFF699E763F161813F33BFF899DCFFCE351DF1E5F591C8B10F0452
I[2021-03-22|14:49:47.085] Executed block                               module=state height=156 validTxs=0 invalidTxs=0
I[2021-03-22|14:49:47.091] Committed state                              module=state height=156 txs=0 appHash=C6D070CC8254B241F62F30989F70E3872142E3AE2E6E8BFB5BFCF9BF33089125
